O:9:"MagpieRSS":22:{s:6:"parser";i:0;s:12:"current_item";a:0:{}s:5:"items";a:50:{i:0;a:10:{s:5:"title";s:45:"Trump’s Order to Keep Meat Plants Operating";s:4:"link";s:78:"https://www.nytimes.com/2020/04/30/opinion/letters/coronavirus-meat-trump.html";s:4:"guid";s:78:"https://www.nytimes.com/2020/04/30/opinion/letters/coronavirus-meat-trump.html";s:11:"description";s:200:"A reader criticizes the move, saying it puts workers at risk and is a wrongheaded use of the Defense Production Act. Also: Visiting coronavirus patients in the hospital; Bernie Sanders’s supporters.";s:7:"pubdate";s:31:"Thu, 30 Apr 2020 18:17:32 +0000";s:8:"category";s:194:"Trump, Donald JCoronavirus (2019-nCoV)Defense Production ActFactories and ManufacturingHospitalsSanders, BernardPresidential Election of 2020Democratic PartyUnited States Politics and Government";s:5:"media";a:3:{s:7:"content";s:9:"
        ";s:14:"content_credit";s:25:"Drew Angerer/Getty Images";s:19:"content_description";s:181:"Food companies have been drawing on stockpiles of meat in cold storage, but they have warned that supplies to supermarkets could soon dwindle if plants remain closed amid illnesses.";}s:7:"content";s:16:"
        
      ";s:7:"summary";s:200:"A reader criticizes the move, saying it puts workers at risk and is a wrongheaded use of the Defense Production Act. Also: Visiting coronavirus patients in the hospital; Bernie Sanders’s supporters.";s:14:"date_timestamp";i:1588270652;}i:1;a:9:{s:5:"title";s:55:"Madeline Kripke, Doyenne of Dictionaries, Is Dead at 76";s:4:"link";s:81:"https://www.nytimes.com/2020/04/30/nyregion/madeline-kripke-dead-coronavirus.html";s:4:"guid";s:81:"https://www.nytimes.com/2020/04/30/nyregion/madeline-kripke-dead-coronavirus.html";s:11:"description";s:152:"A woman of many words, mostly unspoken, she amassed a lexicographic trove of some 20,000 books, much of it crammed into her Greenwich Village apartment.";s:2:"dc";a:1:{s:7:"creator";s:11:"Sam Roberts";}s:7:"pubdate";s:31:"Thu, 30 Apr 2020 18:15:53 +0000";s:8:"category";s:130:"Deaths (Obituaries)Coronavirus (2019-nCoV)SlangDictionariesCollectors and CollectionsMerriam-Webster IncMadeline KripkeSaul Kripke";s:7:"summary";s:152:"A woman of many words, mostly unspoken, she amassed a lexicographic trove of some 20,000 books, much of it crammed into her Greenwich Village apartment.";s:14:"date_timestamp";i:1588270553;}i:2;a:11:{s:5:"title";s:41:"How to Choose Colleges With Virtual Tours";s:4:"link";s:85:"https://www.nytimes.com/2020/04/30/well/family/coronavirus-virtual-college-tours.html";s:4:"guid";s:85:"https://www.nytimes.com/2020/04/30/well/family/coronavirus-virtual-college-tours.html";s:11:"description";s:125:"A guide to some of the tour sites that aim to help students feel as if they are walking around campuses without leaving home.";s:2:"dc";a:1:{s:7:"creator";s:16:"Donna De La Cruz";}s:7:"pubdate";s:31:"Thu, 30 Apr 2020 18:02:02 +0000";s:8:"category";s:183:"Colleges and UniversitiesAdmissions StandardsInterscholastic AthleticsHistorically Black Colleges and UniversitiesCoronavirus (2019-nCoV)National Assn for College Admission Counseling";s:5:"media";a:3:{s:7:"content";s:9:"
        ";s:14:"content_credit";s:8:"YouVisit";s:19:"content_description";s:86:"A screen shot from a virtual tour of the University of Miami, on the website YouVisit.";}s:7:"content";s:16:"
        
      ";s:7:"summary";s:125:"A guide to some of the tour sites that aim to help students feel as if they are walking around campuses without leaving home.";s:14:"date_timestamp";i:1588269722;}i:3;a:8:{s:5:"title";s:35:"12 New Books We Recommend This Week";s:4:"link";s:83:"https://www.nytimes.com/2020/04/30/books/review/12-new-books-to-read-this-week.html";s:4:"guid";s:83:"https://www.nytimes.com/2020/04/30/books/review/12-new-books-to-read-this-week.html";s:11:"description";s:65:"Suggested reading from critics and editors at The New York Times.";s:7:"pubdate";s:31:"Thu, 30 Apr 2020 18:00:23 +0000";s:8:"category";s:782:"Books and LiteratureAlvarez, JuliaBenkemoun, BrigitteHansen, Valerie (Historian)Harper, Lynn CasteelJoseph, Peniel EKawakami, MiekoKing, StephenLister, KatePorter, EduardoRyan, Kay (1945- )Moore, WendyArian, Amir AhmadiA Curious History of Sex (Book)Afterlife (Book)American Poison: How Racial Hostility Destroyed Our Promise (Book)Breasts and Eggs (Book)Finding Dora Maar: An Artist, An Address Book, a Life (Book)If It Bleeds (Book)No Man's Land (Book)On Vanishing: Mortality, Dementia, and What It Means to Disappear (Book)Synthesizing Gravity: Selected Prose (Book)The Sword and the Shield: The Revolutionary Lives of Malcolm X and Martin Luther King Jr. (Book)The Year 1000: When Explorers Connected the World -- and Globalization Began (Book)Then the Fish Swallowed Him (Book)";s:7:"summary";s:65:"Suggested reading from critics and editors at The New York Times.";s:14:"date_timestamp";i:1588269623;}i:4;a:11:{s:5:"title";s:50:"The Sun Is a Bit Boring, Which May Make It Special";s:4:"link";s:67:"https://www.nytimes.com/2020/04/30/science/sun-magnetic-storms.html";s:4:"guid";s:67:"https://www.nytimes.com/2020/04/30/science/sun-magnetic-storms.html";s:11:"description";s:144:"The sun seems a little less active than hundreds of similar stars in our galaxy, which could play a role in why life exists in our solar system.";s:2:"dc";a:1:{s:7:"creator";s:9:"Adam Mann";}s:7:"pubdate";s:31:"Thu, 30 Apr 2020 18:00:11 +0000";s:8:"category";s:142:"SunSolar SystemExtraterrestrial LifeStars and GalaxiesEarthRadiationSpace and AstronomyReinhold, TimoKrivova, NataliaScience (Journal)Research";s:5:"media";a:3:{s:7:"content";s:9:"
        ";s:14:"content_credit";s:13:"NASA/GSFC/SDO";s:19:"content_description";s:5:"YAWN.";}s:7:"content";s:16:"
        
      ";s:7:"summary";s:144:"The sun seems a little less active than hundreds of similar stars in our galaxy, which could play a role in why life exists in our solar system.";s:14:"date_timestamp";i:1588269611;}i:5;a:0:{}i:6;a:11:{s:5:"title";s:62:"Macy’s Plans to Reopen All of Its 775 Stores in 6 to 8 Weeks";s:4:"link";s:83:"https://www.nytimes.com/2020/04/30/business/macys-reopening-stores-coronavirus.html";s:4:"guid";s:83:"https://www.nytimes.com/2020/04/30/business/macys-reopening-stores-coronavirus.html";s:11:"description";s:108:"The chain’s plans also brought into sharper focus what the pandemic-era shopping experience may look like.";s:2:"dc";a:1:{s:7:"creator";s:16:"Sapna Maheshwari";}s:7:"pubdate";s:31:"Thu, 30 Apr 2020 17:55:33 +0000";s:8:"category";s:102:"Shopping and RetailCoronavirus (2019-nCoV)Shopping Centers and MallsMacy's IncSimon Property Group Inc";s:5:"media";a:3:{s:7:"content";s:9:"
        ";s:14:"content_credit";s:29:"Wilfredo Lee/Associated Press";s:19:"content_description";s:118:"Macy’s reopening plans are the latest sign of how eager the nation’s largest retailers are to return to business.";}s:7:"content";s:16:"
        
      ";s:7:"summary";s:108:"The chain’s plans also brought into sharper focus what the pandemic-era shopping experience may look like.";s:14:"date_timestamp";i:1588269333;}i:7;a:11:{s:5:"title";s:17:"El paseo del puma";s:4:"link";s:84:"https://www.nytimes.com/es/2020/04/30/espanol/opinion/coronavirus-puma-santiago.html";s:4:"guid";s:84:"https://www.nytimes.com/es/2020/04/30/espanol/opinion/coronavirus-puma-santiago.html";s:11:"description";s:119:"Proscritos del espacio público, rodeados de un silencio inverosímil, nos movemos en círculos, como pumas encerrados.";s:2:"dc";a:1:{s:7:"creator";s:19:"Claudia Larraguibel";}s:7:"pubdate";s:31:"Thu, 30 Apr 2020 17:48:48 +0000";s:8:"category";s:44:"Coronavirus (2019-nCoV)ChileSantiago (Chile)";s:5:"media";a:2:{s:7:"content";s:9:"
        ";s:14:"content_credit";s:15:"Paloma Valdivia";}s:7:"content";s:7:"
      ";s:7:"summary";s:119:"Proscritos del espacio público, rodeados de un silencio inverosímil, nos movemos en círculos, como pumas encerrados.";s:14:"date_timestamp";i:1588268928;}i:8;a:11:{s:5:"title";s:59:"Ava DuVernay and Patty Jenkins Get the Funko Pops Treatment";s:4:"link";s:84:"https://www.nytimes.com/2020/04/30/movies/ava-duvernay-patty-jenkins-funko-pops.html";s:4:"guid";s:84:"https://www.nytimes.com/2020/04/30/movies/ava-duvernay-patty-jenkins-funko-pops.html";s:11:"description";s:127:"The collectible figurines have long included directors, but until now they were always male. A plea for inclusion changed that.";s:2:"dc";a:1:{s:7:"creator";s:10:"Robert Ito";}s:7:"pubdate";s:31:"Thu, 30 Apr 2020 17:47:29 +0000";s:8:"category";s:52:"MoviesDuVernay, AvaJenkins, PattyFunko PopsFunko LLC";s:5:"media";a:3:{s:7:"content";s:9:"
        ";s:14:"content_credit";s:34:"Erik Tanner for The New York Times";s:19:"content_description";s:134:"The Funko pantheon includes, from left, Patty Jenkins, Ava DuVernay, Jason Blum, Alfred Hitchcock, Guillermo del Toro and J.J. Abrams.";}s:7:"content";s:16:"
        
      ";s:7:"summary";s:127:"The collectible figurines have long included directors, but until now they were always male. A plea for inclusion changed that.";s:14:"date_timestamp";i:1588268849;}i:9;a:10:{s:5:"title";s:61:"Coronavirus Rules: Should Other States Still Follow New York?";s:4:"link";s:76:"https://www.nytimes.com/2020/04/30/opinion/letters/coronavirus-new-york.html";s:4:"guid";s:76:"https://www.nytimes.com/2020/04/30/opinion/letters/coronavirus-new-york.html";s:11:"description";s:127:"Readers differ about Bret Stephens’s opinion that a New York-style order doesn’t need to be applied in less affected areas.";s:7:"pubdate";s:31:"Thu, 30 Apr 2020 17:45:32 +0000";s:8:"category";s:73:"Coronavirus (2019-nCoV)Shutdowns (Institutional)Rural AreasNew York State";s:5:"media";a:3:{s:7:"content";s:9:"
        ";s:14:"content_credit";s:18:"Mike Segar/Reuters";s:19:"content_description";s:2:" ";}s:7:"content";s:16:"
        
      ";s:7:"summary";s:127:"Readers differ about Bret Stephens’s opinion that a New York-style order doesn’t need to be applied in less affected areas.";s:14:"date_timestamp";i:1588268732;}i:10;a:11:{s:5:"title";s:59:"Want to Be an Instant Expert on Film Noir? Watch This Drama";s:4:"link";s:66:"https://www.nytimes.com/2020/04/30/movies/film-noir-criterion.html";s:4:"guid";s:66:"https://www.nytimes.com/2020/04/30/movies/film-noir-criterion.html";s:11:"description";s:172:"For a crash course on a category that can be hard to pin down, Nicholas Ray’s psychologically complex “In a Lonely Place” has it all, starting with a sneering Bogart.";s:2:"dc";a:1:{s:7:"creator";s:14:"Ben Kenigsberg";}s:7:"pubdate";s:31:"Thu, 30 Apr 2020 17:27:23 +0000";s:8:"category";s:102:"MoviesCriterion ChannelBogart, HumphreyGrahame, Gloria (1923-81)Ray, NicholasIn a Lonely Place (Movie)";s:5:"media";a:3:{s:7:"content";s:9:"
        ";s:14:"content_credit";s:47:"Columbia Pictures, via the Criterion Collection";s:19:"content_description";s:102:"Gloria Grahame as a neighbor in love with Humphrey Bogart’s screenwriter in “In a Lonely Place.”";}s:7:"content";s:16:"
        
      ";s:7:"summary";s:172:"For a crash course on a category that can be hard to pin down, Nicholas Ray’s psychologically complex “In a Lonely Place” has it all, starting with a sneering Bogart.";s:14:"date_timestamp";i:1588267643;}i:11;a:11:{s:5:"title";s:28:"Same Winery, Separate Labels";s:4:"link";s:90:"https://www.nytimes.com/2020/04/30/dining/drinks/jolie-laide-stoumen-wine-coronavirus.html";s:4:"guid";s:90:"https://www.nytimes.com/2020/04/30/dining/drinks/jolie-laide-stoumen-wine-coronavirus.html";s:11:"description";s:140:"These six producers share a common point of view and work in the same facility, yet they are each making distinctive, individualistic wines.";s:2:"dc";a:1:{s:7:"creator";s:11:"Eric Asimov";}s:7:"pubdate";s:31:"Thu, 30 Apr 2020 17:25:40 +0000";s:8:"category";s:5:"Wines";s:5:"media";a:3:{s:7:"content";s:9:"
        ";s:14:"content_credit";s:34:"Jason Henry for The New York Times";s:19:"content_description";s:173:"From left, Carlo Mondavi, Martha Stoumen, Jaimee Motley, Scott Schultz and Pax Mahle, who all produce their wines at Mr. Mahle’s winery. Patrick Cappiello was in New York.";}s:7:"content";s:16:"
        
      ";s:7:"summary";s:140:"These six producers share a common point of view and work in the same facility, yet they are each making distinctive, individualistic wines.";s:14:"date_timestamp";i:1588267540;}i:12;a:11:{s:5:"title";s:56:"The Tricky Dance of Sharing a Winery in the Pandemic Era";s:4:"link";s:80:"https://www.nytimes.com/2020/04/30/dining/drinks/pax-mahle-wine-coronavirus.html";s:4:"guid";s:80:"https://www.nytimes.com/2020/04/30/dining/drinks/pax-mahle-wine-coronavirus.html";s:11:"description";s:144:"For six producers who form a mutually beneficial winemaking community in Sonoma, Covid-19 poses practical and financial obstacles beyond health.";s:2:"dc";a:1:{s:7:"creator";s:11:"Eric Asimov";}s:7:"pubdate";s:31:"Thu, 30 Apr 2020 17:25:29 +0000";s:8:"category";s:151:"WinesQuarantine (Life and Culture)Mahle, PaxMartha Stoumen WinesJolie-LaideRAENJaimee Motley WinesMonte Rio CellarsCappiello, PatrickSebastopol (Calif)";s:5:"media";a:3:{s:7:"content";s:9:"
        ";s:14:"content_credit";s:34:"Jason Henry for The New York Times";s:19:"content_description";s:197:"Shown before the pandemic, from left, Pax Mahle, Scott Schultz, Jaimee Motley, Martha Stoumen and Carlo Mondavi. They all make their own wines, sharing space in Mr. Mahle’s production facility. ";}s:7:"content";s:16:"
        
      ";s:7:"summary";s:144:"For six producers who form a mutually beneficial winemaking community in Sonoma, Covid-19 poses practical and financial obstacles beyond health.";s:14:"date_timestamp";i:1588267529;}i:13;a:11:{s:5:"title";s:54:"Helping Artists and Social Services Survive the Crisis";s:4:"link";s:119:"https://www.nytimes.com/2020/04/30/neediest-cases/new-york-community-trust-artists-and-social-services-coronavirus.html";s:4:"guid";s:119:"https://www.nytimes.com/2020/04/30/neediest-cases/new-york-community-trust-artists-and-social-services-coronavirus.html";s:11:"description";s:127:"A special Covid-19 fund is supporting hundreds of nonprofits providing cultural programming and essential services in New York.";s:2:"dc";a:1:{s:7:"creator";s:10:"Sara Aridi";}s:7:"pubdate";s:31:"Thu, 30 Apr 2020 17:22:41 +0000";s:8:"category";s:110:"New York Times Neediest Cases FundNew York Community TrustCoronavirus (2019-nCoV)Chong, Ping, & CoGibney, Gina";s:5:"media";a:2:{s:7:"content";s:9:"
        ";s:19:"content_description";s:199:"Leal Zielińska, a member of the dance company at Gibney, a performing arts and social justice organization, in an online class. Gibney received a grant to help with digital programming and staffing.";}s:7:"content";s:7:"
      ";s:7:"summary";s:127:"A special Covid-19 fund is supporting hundreds of nonprofits providing cultural programming and essential services in New York.";s:14:"date_timestamp";i:1588267361;}i:14;a:9:{s:5:"title";s:53:"High School Seniors Are Making Yearbooks on Instagram";s:4:"link";s:76:"https://www.nytimes.com/2020/04/30/style/instagram-yearbook-coronavirus.html";s:4:"guid";s:76:"https://www.nytimes.com/2020/04/30/style/instagram-yearbook-coronavirus.html";s:11:"description";s:147:"The class of 2020 has given up prom, graduation and other rites, but they’re sharing memories and celebrating each other’s achievements online.";s:2:"dc";a:1:{s:7:"creator";s:13:"Taylor Lorenz";}s:7:"pubdate";s:31:"Thu, 30 Apr 2020 17:17:18 +0000";s:8:"category";s:48:"Coronavirus (2019-nCoV)YearbooksEducation (K-12)";s:7:"summary";s:147:"The class of 2020 has given up prom, graduation and other rites, but they’re sharing memories and celebrating each other’s achievements online.";s:14:"date_timestamp";i:1588267038;}i:15;a:9:{s:5:"title";s:57:"The Best Movies and TV Shows New on Netflix Canada in May";s:4:"link";s:70:"https://www.nytimes.com/2020/04/30/world/canada/Netflix-Watch-May.html";s:4:"guid";s:70:"https://www.nytimes.com/2020/04/30/world/canada/Netflix-Watch-May.html";s:11:"description";s:125:"Additions include “Space Force” starring Steve Carell and stand-up comedy specials from Jerry Seinfeld and Hannah Gadsby.";s:2:"dc";a:1:{s:7:"creator";s:12:"Scott Tobias";}s:7:"pubdate";s:31:"Thu, 30 Apr 2020 17:16:30 +0000";s:8:"category";s:92:"MoviesTelevisionDocumentary Films and ProgramsNetflix IncCanadaSeinfeld, JerryGadsby, Hannah";s:7:"summary";s:125:"Additions include “Space Force” starring Steve Carell and stand-up comedy specials from Jerry Seinfeld and Hannah Gadsby.";s:14:"date_timestamp";i:1588266990;}i:16;a:11:{s:5:"title";s:64:"How A.I. Steered Doctors Toward a Possible Coronavirus Treatment";s:4:"link";s:87:"https://www.nytimes.com/2020/04/30/technology/coronavirus-benevolentai-baricitinib.html";s:4:"guid";s:87:"https://www.nytimes.com/2020/04/30/technology/coronavirus-benevolentai-baricitinib.html";s:11:"description";s:134:"Specialists at the London start-up BenevolentAI helped identify the arthritis drug baricitinib, which is now part of a clinical trial.";s:2:"dc";a:1:{s:7:"creator";s:9:"Cade Metz";}s:7:"pubdate";s:31:"Thu, 30 Apr 2020 17:12:48 +0000";s:8:"category";s:105:"Coronavirus (2019-nCoV)Clinical TrialsArtificial IntelligenceEli Lilly and CompanyBenevolentAIbaricitinib";s:5:"media";a:2:{s:7:"content";s:9:"
        ";s:14:"content_credit";s:12:"Scott Gelber";}s:7:"content";s:7:"
      ";s:7:"summary";s:134:"Specialists at the London start-up BenevolentAI helped identify the arthritis drug baricitinib, which is now part of a clinical trial.";s:14:"date_timestamp";i:1588266768;}i:17;a:11:{s:5:"title";s:61:"NASA Picks Moon Lander Designs by SpaceX, Blue Origin, Others";s:4:"link";s:64:"https://www.nytimes.com/2020/04/30/science/nasa-moon-lander.html";s:4:"guid";s:64:"https://www.nytimes.com/2020/04/30/science/nasa-moon-lander.html";s:11:"description";s:122:"It seems unlikely the space agency will meet President Trump’s goal of a return to the lunar surface by the end of 2024.";s:2:"dc";a:1:{s:7:"creator";s:13:"Kenneth Chang";}s:7:"pubdate";s:31:"Thu, 30 Apr 2020 17:37:25 +0000";s:8:"category";s:221:"MoonNational Aeronautics and Space AdministrationRocket Science and PropulsionGovernment Contracts and ProcurementPrivate SpaceflightSpace and AstronomyGovernment Accountability OfficeUnited States Politics and Government";s:5:"media";a:3:{s:7:"content";s:9:"
        ";s:14:"content_credit";s:16:"Jude Guidry/NASA";s:19:"content_description";s:145:"The core stage of NASA’s Artemis rocket, which would take astronauts to the moon, at the Michoud Assembly Facility in New Orleans in January. ";}s:7:"content";s:16:"
        
      ";s:7:"summary";s:122:"It seems unlikely the space agency will meet President Trump’s goal of a return to the lunar surface by the end of 2024.";s:14:"date_timestamp";i:1588268245;}i:18;a:11:{s:5:"title";s:72:"The F.B.I.’s Director, a Critic of Strong Encryption, Once Defended It";s:4:"link";s:82:"https://www.nytimes.com/2020/04/30/technology/christopher-wray-fbi-encryption.html";s:4:"guid";s:82:"https://www.nytimes.com/2020/04/30/technology/christopher-wray-fbi-encryption.html";s:11:"description";s:156:"Christopher Wray has said tough encryption offered by companies like Facebook and Apple blinds law enforcement. But his law firm defended it five years ago.";s:2:"dc";a:1:{s:7:"creator";s:32:"Nicole Perlroth and Adam Goldman";}s:7:"pubdate";s:31:"Thu, 30 Apr 2020 17:02:27 +0000";s:8:"category";s:169:"Computer SecurityInstant MessagingSocial MediaComputers and the InternetConflicts of InterestFacebook IncApple IncNSO GroupWhatsApp IncWray, Christopher ABarr, William P";s:5:"media";a:3:{s:7:"content";s:9:"
        ";s:14:"content_credit";s:30:"Erin Schaff/The New York Times";s:19:"content_description";s:46:"F.B.I. Director Christopher Wray in July 2019.";}s:7:"content";s:16:"
        
      ";s:7:"summary";s:156:"Christopher Wray has said tough encryption offered by companies like Facebook and Apple blinds law enforcement. But his law firm defended it five years ago.";s:14:"date_timestamp";i:1588266147;}i:19;a:11:{s:5:"title";s:67:"Viewing Party! Let’s All Watch ‘Do the Right Thing’ Together!";s:4:"link";s:65:"https://www.nytimes.com/2020/04/30/movies/do-the-right-thing.html";s:4:"guid";s:65:"https://www.nytimes.com/2020/04/30/movies/do-the-right-thing.html";s:11:"description";s:134:"Gather at the cool-out corner and speak your mind about Spike Lee’s 1989 portrait of a neighborhood — and country — on the boil.";s:2:"dc";a:1:{s:7:"creator";s:29:"A.O. Scott and Manohla Dargis";}s:7:"pubdate";s:31:"Thu, 30 Apr 2020 17:00:23 +0000";s:8:"category";s:42:"MoviesLee, SpikeDo the Right Thing (Movie)";s:5:"media";a:3:{s:7:"content";s:9:"
        ";s:14:"content_credit";s:28:"David Lee/Universal Pictures";s:19:"content_description";s:54:"Rosie Perez and Spike Lee in “Do the Right Thing.”";}s:7:"content";s:16:"
        
      ";s:7:"summary";s:134:"Gather at the cool-out corner and speak your mind about Spike Lee’s 1989 portrait of a neighborhood — and country — on the boil.";s:14:"date_timestamp";i:1588266023;}i:20;a:11:{s:5:"title";s:64:"He Indicted Netanyahu, but Sees No Reason to Bar Him From Office";s:4:"link";s:95:"https://www.nytimes.com/2020/04/30/world/middleeast/israel-netanyahu-corruption-mandelblit.html";s:4:"guid";s:95:"https://www.nytimes.com/2020/04/30/world/middleeast/israel-netanyahu-corruption-mandelblit.html";s:11:"description";s:159:"Israel's Supreme Court is to hear arguments on petitions to disqualify the prime minister, who faces trial on corruption charges, and against a coalition deal.";s:2:"dc";a:1:{s:7:"creator";s:19:"David M. Halbfinger";}s:7:"pubdate";s:31:"Thu, 30 Apr 2020 16:51:36 +0000";s:8:"category";s:72:"Legislatures and ParliamentsNetanyahu, BenjaminMandelblit, AvichaiIsrael";s:5:"media";a:3:{s:7:"content";s:9:"
        ";s:14:"content_credit";s:34:"Dan Balilty for The New York Times";s:19:"content_description";s:71:"Prime Minister Benjamin Netanyahu of Israel on election night in March.";}s:7:"content";s:16:"
        
      ";s:7:"summary";s:159:"Israel's Supreme Court is to hear arguments on petitions to disqualify the prime minister, who faces trial on corruption charges, and against a coalition deal.";s:14:"date_timestamp";i:1588265496;}i:21;a:11:{s:5:"title";s:48:"MTA Subway Will Close Overnight for Disinfection";s:4:"link";s:79:"https://www.nytimes.com/2020/04/30/nyregion/subway-close-cuomo-coronavirus.html";s:4:"guid";s:79:"https://www.nytimes.com/2020/04/30/nyregion/subway-close-cuomo-coronavirus.html";s:11:"description";s:93:"The system has only shut down twice in the past decade, both times as a result of hurricanes.";s:2:"dc";a:1:{s:7:"creator";s:18:"Christina Goldbaum";}s:7:"pubdate";s:31:"Thu, 30 Apr 2020 16:47:20 +0000";s:8:"category";s:88:"SubwaysTransit SystemsCoronavirus (2019-nCoV)Cuomo, Andrew Mde Blasio, BillNew York City";s:5:"media";a:3:{s:7:"content";s:9:"
        ";s:14:"content_credit";s:40:"Demetrius Freeman for The New York Times";s:19:"content_description";s:58:"Ridership on the subway has dropped to under 10 percent. ";}s:7:"content";s:16:"
        
      ";s:7:"summary";s:93:"The system has only shut down twice in the past decade, both times as a result of hurricanes.";s:14:"date_timestamp";i:1588265240;}i:22;a:11:{s:5:"title";s:35:"I’m Grateful for Bad Virtual Life";s:4:"link";s:84:"https://www.nytimes.com/2020/04/30/technology/coronavirus-quarantine-technology.html";s:4:"guid";s:84:"https://www.nytimes.com/2020/04/30/technology/coronavirus-quarantine-technology.html";s:11:"description";s:45:"Thank goodness for crummy video conferencing.";s:2:"dc";a:1:{s:7:"creator";s:11:"Shira Ovide";}s:7:"pubdate";s:31:"Thu, 30 Apr 2020 16:43:34 +0000";s:8:"category";s:52:"Lyft IncUber Technologies IncCoronavirus (2019-nCoV)";s:5:"media";a:2:{s:7:"content";s:9:"
        ";s:14:"content_credit";s:12:"Jake Terrell";}s:7:"content";s:7:"
      ";s:7:"summary";s:45:"Thank goodness for crummy video conferencing.";s:14:"date_timestamp";i:1588265014;}i:23;a:11:{s:5:"title";s:62:"2002: When the Rock Went Hollywood and Movie Stars Still Ruled";s:4:"link";s:81:"https://www.nytimes.com/2020/04/30/movies/panic-room-the-scorpion-king-virus.html";s:4:"guid";s:81:"https://www.nytimes.com/2020/04/30/movies/panic-room-the-scorpion-king-virus.html";s:11:"description";s:152:"Two decades ago, the box office glittered with Sandra Bullock, Ben Affleck, Jodie Foster and a certain pro wrestler. Now it’s all about the franchise.";s:2:"dc";a:1:{s:7:"creator";s:13:"Wesley Morris";}s:7:"pubdate";s:31:"Thu, 30 Apr 2020 18:01:39 +0000";s:8:"category";s:264:"MoviesActors and ActressesTwo Thousands (Decade)World Wrestling Entertainment IncAffleck, BenApplegate, ChristinaBateman, JasonBullock, SandraDiaz, CameronFincher, DavidFoster, JodieFreeman, MorganThe Scorpion King (Movie)Johnson, Dwayne (1972- )Panic Room (Movie)";s:5:"media";a:2:{s:7:"content";s:9:"
        ";s:14:"content_credit";s:18:"The New York Times";}s:7:"content";s:7:"
      ";s:7:"summary";s:152:"Two decades ago, the box office glittered with Sandra Bullock, Ben Affleck, Jodie Foster and a certain pro wrestler. Now it’s all about the franchise.";s:14:"date_timestamp";i:1588269699;}i:24;a:11:{s:5:"title";s:46:"Review: Same Apple Family, New Kind of Theater";s:4:"link";s:84:"https://www.nytimes.com/2020/04/30/theater/what-do-we-need-to-talk-about-review.html";s:4:"guid";s:84:"https://www.nytimes.com/2020/04/30/theater/what-do-we-need-to-talk-about-review.html";s:11:"description";s:154:"In Richard Nelson’s “What Do We Need to Talk About?,” a familiar clan poses resonant questions about how we connect in the age of social distancing.";s:2:"dc";a:1:{s:7:"creator";s:12:"Ben Brantley";}s:7:"pubdate";s:31:"Thu, 30 Apr 2020 17:26:20 +0000";s:8:"category";s:143:"TheaterPublic TheaterNelson, Richard JPlunkett, MaryannSanders, Jay ORhinebeck (NY)What Do We Need to Talk About?: Conversations on Zoom (Play)";s:5:"media";a:3:{s:7:"content";s:9:"
        ";s:14:"content_credit";s:32:"Sara Krulwich/The New York Times";s:19:"content_description";s:198:"The Apples converse in &ldquo;What Do We Need to Talk About?&rdquo; on Wednesday night. Clockwise from upper left, Jay O. Sanders and Maryann Plunkett, Sally Murphy, Laila Robins and Stephen Kunken.";}s:7:"content";s:16:"
        
      ";s:7:"summary";s:154:"In Richard Nelson’s “What Do We Need to Talk About?,” a familiar clan poses resonant questions about how we connect in the age of social distancing.";s:14:"date_timestamp";i:1588267580;}i:25;a:11:{s:5:"title";s:65:"Four Amish Children Dead and One Is Missing After Buggy Overturns";s:4:"link";s:75:"https://www.nytimes.com/2020/04/30/us/amish-buggy-bath-county-kentucky.html";s:4:"guid";s:75:"https://www.nytimes.com/2020/04/30/us/amish-buggy-bath-county-kentucky.html";s:11:"description";s:131:"A deputy coroner in northeastern Kentucky said their mother was able to reach the banks of a waterway and summon help on Wednesday.";s:2:"dc";a:1:{s:7:"creator";s:16:"Christine Hauser";}s:7:"pubdate";s:31:"Thu, 30 Apr 2020 16:09:37 +0000";s:8:"category";s:29:"AmishDrowningsRescuesKentucky";s:5:"media";a:3:{s:7:"content";s:9:"
        ";s:14:"content_credit";s:4:"WKYT";s:19:"content_description";s:171:"Rescue teams arriving at the scene of a buggy accident in northeastern Kentucky on Wednesday in which four Amish children died. A fifth child remained missing on Thursday.";}s:7:"content";s:16:"
        
      ";s:7:"summary";s:131:"A deputy coroner in northeastern Kentucky said their mother was able to reach the banks of a waterway and summon help on Wednesday.";s:14:"date_timestamp";i:1588262977;}i:26;a:10:{s:5:"title";s:58:"Music, Theater and More to Experience at Home This Weekend";s:4:"link";s:77:"https://www.nytimes.com/2020/04/30/arts/things-to-do-weekend-coronavirus.html";s:4:"guid";s:77:"https://www.nytimes.com/2020/04/30/arts/things-to-do-weekend-coronavirus.html";s:11:"description";s:92:"Our writers offer suggestions for what to watch, read or listen to while we’re housebound.";s:7:"pubdate";s:31:"Thu, 30 Apr 2020 16:04:50 +0000";s:8:"category";s:336:"Classical MusicLos Angeles PhilharmonicAdams, John (1947- )Dudamel, GustavoWang, Yuja (1987- )Must the Devil Have All the Good Tunes? (Musical Work)DancingFolk MusicComedy and HumorTheaterChildren and ChildhoodArt Students LeagueDrury, Jackie SibbliesGaffigan, JimPrice, MargoYerushalmy, NettaFairview (Play)Coronavirus (2019-nCoV)Radio";s:5:"media";a:3:{s:7:"content";s:9:"
        ";s:14:"content_credit";s:31:"Andrea Mohin/The New York Times";s:19:"content_description";s:178:"Jeremy Jae Neal, left, and Stanley Gambucci performing in 2019, in the section of Netta Yerushalmy’s “Paramodernities” that deconstructs Alvin Ailey’s “Revelations.”";}s:7:"content";s:16:"
        
      ";s:7:"summary";s:92:"Our writers offer suggestions for what to watch, read or listen to while we’re housebound.";s:14:"date_timestamp";i:1588262690;}i:27;a:11:{s:5:"title";s:80:"National Security Surveillance on U.S. Soil Fell Amid Scrutiny of Russia Inquiry";s:4:"link";s:77:"https://www.nytimes.com/2020/04/30/us/politics/fbi-wiretaps-fisa-privacy.html";s:4:"guid";s:77:"https://www.nytimes.com/2020/04/30/us/politics/fbi-wiretaps-fisa-privacy.html";s:11:"description";s:126:"But overseas targets of the government’s warrantless surveillance program continued to soar in 2019, a new report disclosed.";s:2:"dc";a:1:{s:7:"creator";s:14:"Charlie Savage";}s:7:"pubdate";s:31:"Thu, 30 Apr 2020 18:15:44 +0000";s:8:"category";s:416:"Surveillance of Citizens by GovernmentWiretapping and Other Eavesdropping Devices and MethodsForeign Intelligence Surveillance Act (FISA)Classified Information and State SecretsPrivacyEspionage and Intelligence ServicesRussian Interference in 2016 US Elections and Ties to Trump AssociatesFederal Bureau of InvestigationNational Security AgencyOffice of the Director of National IntelligencePage, CarterUnited States";s:5:"media";a:3:{s:7:"content";s:9:"
        ";s:14:"content_credit";s:34:"Anna Moneymaker/The New York Times";s:19:"content_description";s:95:"The F.B.I.’s national security surveillance wiretap program has recently come under scrutiny.";}s:7:"content";s:16:"
        
      ";s:7:"summary";s:126:"But overseas targets of the government’s warrantless surveillance program continued to soar in 2019, a new report disclosed.";s:14:"date_timestamp";i:1588270544;}i:28;a:11:{s:5:"title";s:36:"Why Won’t TV News Book Tara Reade?";s:4:"link";s:81:"https://www.nytimes.com/2020/04/30/business/media/tara-reade-joe-biden-media.html";s:4:"guid";s:81:"https://www.nytimes.com/2020/04/30/business/media/tara-reade-joe-biden-media.html";s:11:"description";s:95:"The stakes are high for the media in the case of a sexual assault allegation against Joe Biden.";s:2:"dc";a:1:{s:7:"creator";s:9:"Ben Smith";}s:7:"pubdate";s:31:"Thu, 30 Apr 2020 18:14:12 +0000";s:8:"category";s:175:"News and News MediaSexual HarassmentBiden, Joseph R JrBroaddrick, JuanitaReade, TaraPresidential Election of 2020TelevisionFox News ChannelCNNMSNBCBusiness Insider IncNBC News";s:5:"media";a:3:{s:7:"content";s:9:"
        ";s:14:"content_credit";s:36:"Max Whittaker for The New York Times";s:19:"content_description";s:170:"Tara Reade in Penn Valley, Calif. Ms. Reade has accused former Vice President Joseph R. Biden Jr. of sexually assaulting her in 1993, when she worked on his Senate staff.";}s:7:"content";s:16:"
        
      ";s:7:"summary";s:95:"The stakes are high for the media in the case of a sexual assault allegation against Joe Biden.";s:14:"date_timestamp";i:1588270452;}i:29;a:11:{s:5:"title";s:53:"Los fantasmas de la llegada del coronavirus a México";s:4:"link";s:94:"https://www.nytimes.com/es/2020/04/30/espanol/opinion/crisis-economica-mexico-coronavirus.html";s:4:"guid";s:94:"https://www.nytimes.com/es/2020/04/30/espanol/opinion/crisis-economica-mexico-coronavirus.html";s:11:"description";s:136:"El presidente López Obrador y el sector empresarial tienen que aplicar medidas muy pronto si quieren evitar una catástrofe económica.";s:2:"dc";a:1:{s:7:"creator";s:11:"Ioan Grillo";}s:7:"pubdate";s:31:"Thu, 30 Apr 2020 15:51:18 +0000";s:8:"category";s:123:"Coronavirus (2019-nCoV)Recession and DepressionDrug CartelsLooting (Crime)Lopez Obrador, Andres ManuelTrump, Donald JMexico";s:5:"media";a:3:{s:7:"content";s:9:"
        ";s:14:"content_credit";s:40:"Daniel Berehulak para The New York Times";s:19:"content_description";s:136:"Una persona que trabaja con un organillero pide unas monedas a los transeúntes de una calle del centro de Ciudad de México a en marzo.";}s:7:"content";s:16:"
        
      ";s:7:"summary";s:136:"El presidente López Obrador y el sector empresarial tienen que aplicar medidas muy pronto si quieren evitar una catástrofe económica.";s:14:"date_timestamp";i:1588261878;}i:30;a:11:{s:5:"title";s:32:"Germany Hardens Ban on Hezbollah";s:4:"link";s:70:"https://www.nytimes.com/2020/04/30/world/europe/germany-hezbollah.html";s:4:"guid";s:70:"https://www.nytimes.com/2020/04/30/world/europe/germany-hezbollah.html";s:11:"description";s:159:"The United States and Israel welcomed Berlin’s move to effectively outlaw all activity by the militant group and called on the rest of Europe to follow suit.";s:2:"dc";a:1:{s:7:"creator";s:40:"Christopher F. Schuetze and Melissa Eddy";}s:7:"pubdate";s:31:"Thu, 30 Apr 2020 16:53:45 +0000";s:8:"category";s:78:"HezbollahGermanyTerrorismPolitics and GovernmentLebanonInternational Relations";s:5:"media";a:3:{s:7:"content";s:9:"
        ";s:14:"content_credit";s:35:"Clemens Bilan/EPA, via Shutterstock";s:19:"content_description";s:136:"The police raided Al Irschad mosque in Berlin and three others on Thursday as Germany banned Hezbollah from all activity in the country.";}s:7:"content";s:16:"
        
      ";s:7:"summary";s:159:"The United States and Israel welcomed Berlin’s move to effectively outlaw all activity by the militant group and called on the rest of Europe to follow suit.";s:14:"date_timestamp";i:1588265625;}i:31;a:11:{s:5:"title";s:62:"Restaurant Burglaries on the Rise as Thieves Target the Liquor";s:4:"link";s:79:"https://www.nytimes.com/2020/04/30/dining/restaurants-burglary-coronavirus.html";s:4:"guid";s:79:"https://www.nytimes.com/2020/04/30/dining/restaurants-burglary-coronavirus.html";s:11:"description";s:106:"Emboldened by the vacant streets and empty dining rooms, thieves in some cities are targeting restaurants.";s:2:"dc";a:1:{s:7:"creator";s:41:"Amelia Nierenberg and David Yaffe-Bellany";}s:7:"pubdate";s:31:"Thu, 30 Apr 2020 15:35:32 +0000";s:8:"category";s:140:"RestaurantsShutdowns (Institutional)Bars and NightclubsRobberies and TheftsVandalismSmall BusinessQuarantine (Life and Culture)United States";s:5:"media";a:3:{s:7:"content";s:9:"
        ";s:14:"content_credit";s:37:"Sasha Rudensky for The New York Times";s:19:"content_description";s:172:"Jesus Puerto’s restaurant, Soul De Cuba in New Haven, Conn., was broken into by a burglar who stayed for several days. Mr. Puerto says he is now out thousands of dollars.";}s:7:"content";s:16:"
        
      ";s:7:"summary";s:106:"Emboldened by the vacant streets and empty dining rooms, thieves in some cities are targeting restaurants.";s:14:"date_timestamp";i:1588260932;}i:32;a:9:{s:5:"title";s:62:"David Toren, Who Fought to Recover Nazi-Looted Art, Dies at 94";s:4:"link";s:79:"https://www.nytimes.com/2020/04/30/obituaries/david-toren-dead-coronavirus.html";s:4:"guid";s:79:"https://www.nytimes.com/2020/04/30/obituaries/david-toren-dead-coronavirus.html";s:11:"description";s:155:"Mr. Toren, who died of the coronavirus, was a patent lawyer who recovered a relative’s stolen painting amid a large cache of works discovered in Germany.";s:2:"dc";a:1:{s:7:"creator";s:17:"Catherine Hickley";}s:7:"pubdate";s:31:"Thu, 30 Apr 2020 15:34:07 +0000";s:8:"category";s:82:"Deaths (Obituaries)Coronavirus (2019-nCoV)Holocaust and the Nazi EraArtDavid Toren";s:7:"summary";s:155:"Mr. Toren, who died of the coronavirus, was a patent lawyer who recovered a relative’s stolen painting amid a large cache of works discovered in Germany.";s:14:"date_timestamp";i:1588260847;}i:33;a:11:{s:5:"title";s:56:"European Slump Is Worst Since World War II, Reports Show";s:4:"link";s:85:"https://www.nytimes.com/2020/04/30/business/europe-economy-coronavirus-recession.html";s:4:"guid";s:85:"https://www.nytimes.com/2020/04/30/business/europe-economy-coronavirus-recession.html";s:11:"description";s:170:"The European Central Bank will pay banks to lend money after the economy shrank the most in decades. The worst is yet to come, the eurozone’s top central banker warned.";s:2:"dc";a:1:{s:7:"creator";s:10:"Jack Ewing";}s:7:"pubdate";s:31:"Thu, 30 Apr 2020 15:26:29 +0000";s:8:"category";s:164:"Banking and Financial InstitutionsPolitics and GovernmentInterest RatesCoronavirus (2019-nCoV)European Central BankEurozoneEuropeGermanyItalySpainLagarde, Christine";s:5:"media";a:3:{s:7:"content";s:9:"
        ";s:14:"content_credit";s:23:"Kai Pfaffenbach/Reuters";s:19:"content_description";s:116:"The European Central Bank president said the zone was facing a contraction that is “unprecedented in peacetime.”";}s:7:"content";s:16:"
        
      ";s:7:"summary";s:170:"The European Central Bank will pay banks to lend money after the economy shrank the most in decades. The worst is yet to come, the eurozone’s top central banker warned.";s:14:"date_timestamp";i:1588260389;}i:34;a:9:{s:5:"title";s:63:"‘Parks and Recreation’ Is Back. Here’s Where We Left Off.";s:4:"link";s:77:"https://www.nytimes.com/2020/04/30/arts/television/parks-and-rec-reunion.html";s:4:"guid";s:77:"https://www.nytimes.com/2020/04/30/arts/television/parks-and-rec-reunion.html";s:11:"description";s:155:"The beloved NBC sitcom is returning Thursday for a reunion special to benefit Feeding America. Here’s where things stood the last time we were in Pawnee.";s:2:"dc";a:1:{s:7:"creator";s:17:"Jennifer Vineyard";}s:7:"pubdate";s:31:"Thu, 30 Apr 2020 15:46:38 +0000";s:8:"category";s:43:"TelevisionParks and Recreation (TV Program)";s:7:"summary";s:155:"The beloved NBC sitcom is returning Thursday for a reunion special to benefit Feeding America. Here’s where things stood the last time we were in Pawnee.";s:14:"date_timestamp";i:1588261598;}i:35;a:11:{s:5:"title";s:29:"Should You Give Your Kid CBD?";s:4:"link";s:66:"https://www.nytimes.com/2020/04/30/parenting/cbd-oil-children.html";s:4:"guid";s:66:"https://www.nytimes.com/2020/04/30/parenting/cbd-oil-children.html";s:11:"description";s:114:"More Americans are using the hemp (or marijuana) extract on their kids, but experts aren’t sold on its efficacy.";s:2:"dc";a:1:{s:7:"creator";s:12:"Nicola Jones";}s:7:"pubdate";s:31:"Thu, 30 Apr 2020 14:49:26 +0000";s:8:"category";s:154:"Cannabis Foods and ProductsChildren and ChildhoodSeizures (Medical)MarijuanaParentingAutismAttention Deficit Hyperactivity DisorderAnxiety and StressSleep";s:5:"media";a:2:{s:7:"content";s:9:"
        ";s:14:"content_credit";s:42:"Joe Amon/The Denver Post, via Getty Images";}s:7:"content";s:7:"
      ";s:7:"summary";s:114:"More Americans are using the hemp (or marijuana) extract on their kids, but experts aren’t sold on its efficacy.";s:14:"date_timestamp";i:1588258166;}i:36;a:11:{s:5:"title";s:48:"What Should I Do if I Think My Child Has Autism?";s:4:"link";s:80:"https://www.nytimes.com/2020/04/30/parenting/toddler/autism-early-diagnosis.html";s:4:"guid";s:80:"https://www.nytimes.com/2020/04/30/parenting/toddler/autism-early-diagnosis.html";s:11:"description";s:171:"Autism spectrum disorder affects about one in 54 children. An early diagnosis can mean quicker access to the medical, behavioral and social services that a child may need.";s:2:"dc";a:1:{s:7:"creator";s:19:"Catherine Zuckerman";}s:7:"pubdate";s:31:"Thu, 30 Apr 2020 14:48:52 +0000";s:8:"category";s:70:"AutismDisabilitiesChildren and ChildhoodParentingEducation (K-12)Youth";s:5:"media";a:2:{s:7:"content";s:9:"
        ";s:14:"content_credit";s:12:"Lilli Carré";}s:7:"content";s:7:"
      ";s:7:"summary";s:171:"Autism spectrum disorder affects about one in 54 children. An early diagnosis can mean quicker access to the medical, behavioral and social services that a child may need.";s:14:"date_timestamp";i:1588258132;}i:37;a:11:{s:5:"title";s:62:"Pegu Club, a Pioneering Manhattan Cocktail Bar, Won’t Reopen";s:4:"link";s:70:"https://www.nytimes.com/2020/04/30/dining/drinks/pegu-club-closed.html";s:4:"guid";s:70:"https://www.nytimes.com/2020/04/30/dining/drinks/pegu-club-closed.html";s:11:"description";s:76:"The SoHo bar kicked off the craft cocktail movement in New York, and beyond.";s:2:"dc";a:1:{s:7:"creator";s:15:"Robert Simonson";}s:7:"pubdate";s:31:"Thu, 30 Apr 2020 15:05:44 +0000";s:8:"category";s:120:"Bars and NightclubsShutdowns (Institutional)BartendersSoHo (Manhattan, NY)Pegu Club (Manhattan, NY, bar)Saunders, Audrey";s:5:"media";a:3:{s:7:"content";s:9:"
        ";s:14:"content_credit";s:25:"Bryan Bedder/Getty Images";s:19:"content_description";s:94:"Pegu Club in 2013. The bar became well known for its talented staff and carefully made drinks.";}s:7:"content";s:16:"
        
      ";s:7:"summary";s:76:"The SoHo bar kicked off the craft cocktail movement in New York, and beyond.";s:14:"date_timestamp";i:1588259144;}i:38;a:10:{s:5:"title";s:56:"The Triumphant Return of Fiona Apple, Pop Music Renegade";s:4:"link";s:70:"https://www.nytimes.com/2020/04/30/arts/music/popcast-fiona-apple.html";s:4:"guid";s:70:"https://www.nytimes.com/2020/04/30/arts/music/popcast-fiona-apple.html";s:11:"description";s:72:"A conversation about everything “Fetch the Bolt Cutters” and beyond.";s:7:"pubdate";s:31:"Thu, 30 Apr 2020 14:43:07 +0000";s:8:"category";s:60:"Apple, FionaFetch the Bolt Cutters (Album)Pop and Rock Music";s:5:"media";a:2:{s:7:"content";s:9:"
        ";s:14:"content_credit";s:33:"Chad Batka for The New York Times";}s:7:"content";s:7:"
      ";s:7:"summary";s:72:"A conversation about everything “Fetch the Bolt Cutters” and beyond.";s:14:"date_timestamp";i:1588257787;}i:39;a:11:{s:5:"title";s:59:"Review: ‘Hollywood’ Gives Movie History a Sudsy Rewrite";s:4:"link";s:72:"https://www.nytimes.com/2020/04/30/arts/television/hollywood-review.html";s:4:"guid";s:72:"https://www.nytimes.com/2020/04/30/arts/television/hollywood-review.html";s:11:"description";s:129:"Ryan Murphy’s latest for Netflix starts an intriguing journey into an alternative 1940s Tinseltown, then swerves into schmaltz.";s:2:"dc";a:1:{s:7:"creator";s:16:"James Poniewozik";}s:7:"pubdate";s:31:"Thu, 30 Apr 2020 14:39:56 +0000";s:8:"category";s:156:"TelevisionNetflix IncCriss, DarrenHarrier, Laura (1990- )LuPone, PattiMcDermott, DylanMurphy, RyanPope, Jeremy (Actor)Corenswet, DavidHollywood (TV Program)";s:5:"media";a:3:{s:7:"content";s:9:"
        ";s:14:"content_credit";s:20:"Saeed Adyani/Netflix";s:19:"content_description";s:145:"Laura Harrier and Darren Criss in a scene from “Hollywood,” which imagines a different, more inclusive history of the postwar movie business.";}s:7:"content";s:16:"
        
      ";s:7:"summary";s:129:"Ryan Murphy’s latest for Netflix starts an intriguing journey into an alternative 1940s Tinseltown, then swerves into schmaltz.";s:14:"date_timestamp";i:1588257596;}i:40;a:11:{s:5:"title";s:24:"The Virus vs. Journalism";s:4:"link";s:82:"https://www.nytimes.com/2020/04/30/opinion/journalists-newspapers-coronavirus.html";s:4:"guid";s:82:"https://www.nytimes.com/2020/04/30/opinion/journalists-newspapers-coronavirus.html";s:11:"description";s:39:"The disappearance of local information.";s:2:"dc";a:1:{s:7:"creator";s:15:"David Leonhardt";}s:7:"pubdate";s:31:"Thu, 30 Apr 2020 14:33:26 +0000";s:8:"category";s:157:"NewspapersNews and News MediaCoronavirus Aid, Relief, and Economic Security Act (2020)Coronavirus (2019-nCoV)EpidemicsLayoffs and Job ReductionsUnited States";s:5:"media";a:3:{s:7:"content";s:9:"
        ";s:14:"content_credit";s:27:"Chris Graythen/Getty Images";s:19:"content_description";s:54:"A newspaper machine is seen in New Orleans last month.";}s:7:"content";s:16:"
        
      ";s:7:"summary";s:39:"The disappearance of local information.";s:14:"date_timestamp";i:1588257206;}i:41;a:11:{s:5:"title";s:66:"Irrfan Khan, Rishi Kapoor:  Bollywood Reels From Deaths of 2 Stars";s:4:"link";s:85:"https://www.nytimes.com/2020/04/30/world/asia/rishi-kapoor-irrfan-khan-bollywood.html";s:4:"guid";s:85:"https://www.nytimes.com/2020/04/30/world/asia/rishi-kapoor-irrfan-khan-bollywood.html";s:11:"description";s:190:"Irrfan Khan, a beloved actor, had cancer and died of an infection. Another movie giant, Rishi Kapoor, who had leukemia, also died. The coronavirus lockdown ruled out big funerals for either.";s:2:"dc";a:1:{s:7:"creator";s:17:"Jeffrey Gettleman";}s:7:"pubdate";s:31:"Thu, 30 Apr 2020 16:33:52 +0000";s:8:"category";s:97:"MoviesActors and ActressesDeaths (Fatalities)Funerals and MemorialsKhan, IrrfanKapoor, RishiIndia";s:5:"media";a:3:{s:7:"content";s:9:"
        ";s:14:"content_credit";s:33:"Chad Batka for The New York Times";s:19:"content_description";s:102:"The actor Irrfan Khan, who appeared in "Life of Pi" and "The Amazing Spider-Man," in New York in 2012.";}s:7:"content";s:16:"
        
      ";s:7:"summary";s:190:"Irrfan Khan, a beloved actor, had cancer and died of an infection. Another movie giant, Rishi Kapoor, who had leukemia, also died. The coronavirus lockdown ruled out big funerals for either.";s:14:"date_timestamp";i:1588264432;}i:42;a:9:{s:5:"title";s:59:"Will the Food Habits of Scallion Nation Outlast Quarantine?";s:4:"link";s:82:"https://www.nytimes.com/2020/04/30/dining/fresh-greens-quarantine-coronavirus.html";s:4:"guid";s:82:"https://www.nytimes.com/2020/04/30/dining/fresh-greens-quarantine-coronavirus.html";s:11:"description";s:167:"The Great Depression and other hardships made lasting changes, but the recent boom in sourdough starters, vegetable gardening and buying local may not be as permanent.";s:2:"dc";a:1:{s:7:"creator";s:9:"Tejal Rao";}s:7:"pubdate";s:31:"Thu, 30 Apr 2020 14:23:54 +0000";s:8:"category";s:73:"ScallionsFoodMusic, Carla LalliShah, KhushbuQuarantine (Life and Culture)";s:7:"summary";s:167:"The Great Depression and other hardships made lasting changes, but the recent boom in sourdough starters, vegetable gardening and buying local may not be as permanent.";s:14:"date_timestamp";i:1588256634;}i:43;a:11:{s:5:"title";s:71:"Texas Man Is Accused of Opening Fire at the Cuban Embassy in Washington";s:4:"link";s:65:"https://www.nytimes.com/2020/04/30/us/cuban-embassy-shooting.html";s:4:"guid";s:65:"https://www.nytimes.com/2020/04/30/us/cuban-embassy-shooting.html";s:11:"description";s:110:"There were no reports of injuries, the authorities said. The man was charged with assault with intent to kill.";s:2:"dc";a:1:{s:7:"creator";s:21:"Derrick Bryson Taylor";}s:7:"pubdate";s:31:"Thu, 30 Apr 2020 17:29:43 +0000";s:8:"category";s:42:"Secret ServiceWashington (DC)Cuban Embassy";s:5:"media";a:3:{s:7:"content";s:9:"
        ";s:14:"content_credit";s:27:"Sarah Silbiger/Getty Images";s:19:"content_description";s:154:"The police and Secret Service officers were called to the scene at about 2:15 a.m., after receiving reports of gunfire by the Cuban Embassy in Washington.";}s:7:"content";s:16:"
        
      ";s:7:"summary";s:110:"There were no reports of injuries, the authorities said. The man was charged with assault with intent to kill.";s:14:"date_timestamp";i:1588267783;}i:44;a:9:{s:5:"title";s:53:"Alice Trumbull Mason: America’s Forgotten Modernist";s:4:"link";s:81:"https://www.nytimes.com/2020/04/30/arts/design/alice-trumbull-mason-painting.html";s:4:"guid";s:81:"https://www.nytimes.com/2020/04/30/arts/design/alice-trumbull-mason-painting.html";s:11:"description";s:134:"The first monograph of a painter’s painter brings a jolt of new insight and a confident show of her works’ mindfulness and beauty.";s:2:"dc";a:1:{s:7:"creator";s:13:"Roberta Smith";}s:7:"pubdate";s:31:"Thu, 30 Apr 2020 15:01:06 +0000";s:8:"category";s:161:"ArtWashburn Gallery (Manhattan, NY)Mason, Alice Trumbull (1904-71)Mason, Emily (1932-2019)Kahn, WolfAlice Trumbull Mason: Pioneer of American Abstraction  (Book)";s:7:"summary";s:134:"The first monograph of a painter’s painter brings a jolt of new insight and a confident show of her works’ mindfulness and beauty.";s:14:"date_timestamp";i:1588258866;}i:45;a:11:{s:5:"title";s:77:"In ‘I Know This Much Is True,’ Mark Ruffalo Fights (and Comforts) Himself";s:4:"link";s:93:"https://www.nytimes.com/2020/04/30/arts/television/mark-ruffalo-i-know-this-much-is-true.html";s:4:"guid";s:93:"https://www.nytimes.com/2020/04/30/arts/television/mark-ruffalo-i-know-this-much-is-true.html";s:11:"description";s:179:"The actor, who plays twin brothers in this new HBO series, and the director Derek Cianfrance discuss why this dark story of family bonds and mental illness is right for right now.";s:2:"dc";a:1:{s:7:"creator";s:14:"Alexis Soloski";}s:7:"pubdate";s:31:"Thu, 30 Apr 2020 14:00:06 +0000";s:8:"category";s:143:"TelevisionI Know This Much Is True (TV Program)Ruffalo, MarkCianfrance, DerekHome Box OfficeActors and ActressesLamb, WallyBooks and Literature";s:5:"media";a:3:{s:7:"content";s:9:"
        ";s:14:"content_credit";s:21:"Atsushi Nishijima/HBO";s:19:"content_description";s:138:"In the HBO series &ldquo;I Know This Much Is True,&rdquo; Mark Ruffalo plays both of the twin brothers Thomas, left, and Dominick Birdsey.";}s:7:"content";s:16:"
        
      ";s:7:"summary";s:179:"The actor, who plays twin brothers in this new HBO series, and the director Derek Cianfrance discuss why this dark story of family bonds and mental illness is right for right now.";s:14:"date_timestamp";i:1588255206;}i:46;a:9:{s:5:"title";s:73:"Galletas deliciosas de tres ingredientes que seguro tienes en la despensa";s:4:"link";s:90:"https://www.nytimes.com/es/2020/04/30/espanol/estilos-de-vida/galletas-faciles-receta.html";s:4:"guid";s:90:"https://www.nytimes.com/es/2020/04/30/espanol/estilos-de-vida/galletas-faciles-receta.html";s:11:"description";s:70:"Hornea estos dulces tentempiés de manera simple y sin complicaciones.";s:2:"dc";a:1:{s:7:"creator";s:15:"Daniela Galarza";}s:7:"pubdate";s:31:"Thu, 30 Apr 2020 14:00:05 +0000";s:8:"category";s:51:"Cooking and CookbooksCookiesSugarFlourPeanut Butter";s:7:"summary";s:70:"Hornea estos dulces tentempiés de manera simple y sin complicaciones.";s:14:"date_timestamp";i:1588255205;}i:47;a:9:{s:5:"title";s:74:"‘Our Mothers’ Review: Uncovering Atrocities in Guatemala, Bone by Bone";s:4:"link";s:65:"https://www.nytimes.com/2020/04/30/movies/our-mothers-review.html";s:4:"guid";s:65:"https://www.nytimes.com/2020/04/30/movies/our-mothers-review.html";s:11:"description";s:79:"A young anthropologist is on a mission in this feature debut from César Díaz.";s:2:"dc";a:1:{s:7:"creator";s:11:"Glenn Kenny";}s:7:"pubdate";s:31:"Thu, 30 Apr 2020 14:00:03 +0000";s:8:"category";s:50:"MoviesCesar DiazOur Mothers (Movie)Armando Espitia";s:7:"summary";s:79:"A young anthropologist is on a mission in this feature debut from César Díaz.";s:14:"date_timestamp";i:1588255203;}i:48;a:11:{s:5:"title";s:32:"A New Mother’s Search for Home";s:4:"link";s:82:"https://www.nytimes.com/2020/04/30/parenting/lauren-sandler-this-is-all-i-got.html";s:4:"guid";s:82:"https://www.nytimes.com/2020/04/30/parenting/lauren-sandler-this-is-all-i-got.html";s:11:"description";s:146:"In “This Is All I Got,” the writer Lauren Sandler follows a young woman through homelessness, welcoming new life and the search for stability.";s:2:"dc";a:1:{s:7:"creator";s:14:"Lauren Sandler";}s:7:"pubdate";s:31:"Thu, 30 Apr 2020 13:38:49 +0000";s:8:"category";s:66:"ParentingHomeless PersonsPregnancy and ChildbirthCaesarean Section";s:5:"media";a:2:{s:7:"content";s:9:"
        ";s:14:"content_credit";s:13:"Emma Kohlmann";}s:7:"content";s:7:"
      ";s:7:"summary";s:146:"In “This Is All I Got,” the writer Lauren Sandler follows a young woman through homelessness, welcoming new life and the search for stability.";s:14:"date_timestamp";i:1588253929;}i:49;a:10:{s:5:"title";s:85:"Lesson of the Day: ‘Now Virtual and in Video, Museum Websites Shake Off the Dust’";s:4:"link";s:126:"https://www.nytimes.com/2020/04/30/learning/lesson-of-the-day-now-virtual-and-in-video-museum-websites-shake-off-the-dust.html";s:4:"guid";s:126:"https://www.nytimes.com/2020/04/30/learning/lesson-of-the-day-now-virtual-and-in-video-museum-websites-shake-off-the-dust.html";s:11:"description";s:103:"In this lesson, students will take a virtual field trip through some of the world’s greatest museums.";s:2:"dc";a:1:{s:7:"creator";s:12:"Jeremy Engle";}s:7:"pubdate";s:31:"Thu, 30 Apr 2020 13:31:57 +0000";s:5:"media";a:3:{s:7:"content";s:9:"
        ";s:14:"content_credit";s:15:"Vatican Museums";s:19:"content_description";s:104:"A virtual tour of the Raphael rooms awaits visitors at the Vatican Museums’ website, museivaticani.va.";}s:7:"content";s:16:"
        
      ";s:7:"summary";s:103:"In this lesson, students will take a virtual field trip through some of the world’s greatest museums.";s:14:"date_timestamp";i:1588253517;}}s:7:"channel";a:7:{s:5:"title";s:27:"NYT > Most Recent Headlines";s:4:"link";s:58:"https://content.api.nytimes.com/svc/news/v3/all/recent.rss";s:8:"language";s:5:"en-us";s:9:"copyright";s:41:"Copyright 2020 The New York Times Company";s:13:"lastbuilddate";s:31:"Thu, 30 Apr 2020 18:28:04 +0000";s:7:"pubdate";s:31:"Thu, 30 Apr 2020 18:28:04 +0000";s:7:"tagline";N;}s:9:"textinput";a:0:{}s:5:"image";a:3:{s:5:"title";s:27:"NYT > Most Recent Headlines";s:3:"url";s:60:"https://static01.nyt.com/images/misc/NYT_logo_rss_250x40.png";s:4:"link";s:58:"https://content.api.nytimes.com/svc/news/v3/all/recent.rss";}s:9:"feed_type";s:3:"RSS";s:12:"feed_version";s:3:"2.0";s:8:"encoding";s:5:"UTF-8";s:16:"_source_encoding";s:0:"";s:5:"ERROR";s:0:"";s:7:"WARNING";s:0:"";s:19:"_CONTENT_CONSTRUCTS";a:6:{i:0;s:7:"content";i:1;s:7:"summary";i:2;s:4:"info";i:3;s:5:"title";i:4;s:7:"tagline";i:5;s:9:"copyright";}s:16:"_KNOWN_ENCODINGS";a:3:{i:0;s:5:"UTF-8";i:1;s:8:"US-ASCII";i:2;s:10:"ISO-8859-1";}s:5:"stack";a:0:{}s:9:"inchannel";b:0;s:6:"initem";b:0;s:9:"incontent";b:0;s:11:"intextinput";b:0;s:7:"inimage";b:0;s:17:"current_namespace";b:0;s:15:"source_encoding";s:5:"UTF-8";}